1623665685679	geckodriver	INFO	Listening on 127.0.0.1:4444
1623665685875	mozrunner::runner	INFO	Running command: "/usr/bin/firefox" "--marionette" "-foreground" "-no-remote" "-profile" "/tmp/rust_mozprofile1qmIVD"
1623665686364	Marionette	INFO	Marionette enabled
console.warn: SearchSettings: "get: No settings file exists, new profile?" (new NotFoundError("Could not open the file at /tmp/rust_mozprofile1qmIVD/search.json.mozlz4", (void 0)))

(firefox:161208): GLib-GIO-WARNING **: 18:14:47.161: /etc/xdg/kde-mimeapps.list contains a [Added Associations] group, but it is not permitted here.  Only the non-desktop-specific mimeapps.list file may add or remove associations.
1623665687597	Marionette	INFO	Listening on port 40611
1623665697365	Marionette	INFO	Stopped listening on port 40611

###!!! [Parent][RunMessage] Error: Channel closing: too late to send/recv, messages will be lost

1623665697840	mozrunner::runner	INFO	Running command: "/usr/bin/firefox" "--marionette" "-foreground" "-no-remote" "-profile" "/tmp/rust_mozprofileQeJJ3L"
1623665698330	Marionette	INFO	Marionette enabled

(firefox:161596): GLib-GIO-WARNING **: 18:14:59.084: /etc/xdg/kde-mimeapps.list contains a [Added Associations] group, but it is not permitted here.  Only the non-desktop-specific mimeapps.list file may add or remove associations.
console.warn: SearchSettings: "get: No settings file exists, new profile?" (new NotFoundError("Could not open the file at /tmp/rust_mozprofileQeJJ3L/search.json.mozlz4", (void 0)))
1623665699774	Marionette	INFO	Listening on port 43157
1623665706160	Marionette	INFO	Stopped listening on port 43157

###!!! [Parent][RunMessage] Error: Channel closing: too late to send/recv, messages will be lost

1623665706614	mozrunner::runner	INFO	Running command: "/usr/bin/firefox" "--marionette" "-foreground" "-no-remote" "-profile" "/tmp/rust_mozprofileqXoU7a"
1623665707147	Marionette	INFO	Marionette enabled
console.warn: SearchSettings: "get: No settings file exists, new profile?" (new NotFoundError("Could not open the file at /tmp/rust_mozprofileqXoU7a/search.json.mozlz4", (void 0)))

(firefox:161965): GLib-GIO-WARNING **: 18:15:07.986: /etc/xdg/kde-mimeapps.list contains a [Added Associations] group, but it is not permitted here.  Only the non-desktop-specific mimeapps.list file may add or remove associations.
1623665708618	Marionette	INFO	Listening on port 38577
1623665717227	Marionette	INFO	Stopped listening on port 38577
1623665717796	mozrunner::runner	INFO	Running command: "/usr/bin/firefox" "--marionette" "-foreground" "-no-remote" "-profile" "/tmp/rust_mozprofileqUrGFE"
1623665718230	Marionette	INFO	Marionette enabled
console.warn: SearchSettings: "get: No settings file exists, new profile?" (new NotFoundError("Could not open the file at /tmp/rust_mozprofileqUrGFE/search.json.mozlz4", (void 0)))

(firefox:162357): GLib-GIO-WARNING **: 18:15:19.045: /etc/xdg/kde-mimeapps.list contains a [Added Associations] group, but it is not permitted here.  Only the non-desktop-specific mimeapps.list file may add or remove associations.
1623665719705	Marionette	INFO	Listening on port 45749
JavaScript error: resource://gre/actors/AutoCompleteChild.jsm, line 125: Error: Invalid autocomplete selectedIndex
JavaScript error: resource://gre/actors/AutoCompleteChild.jsm, line 125: Error: Invalid autocomplete selectedIndex
JavaScript error: resource://gre/modules/LoginManagerChild.jsm, line 194: NS_ERROR_XPC_JAVASCRIPT_ERROR_WITH_DETAILS: [JavaScript Error: "Invalid autocomplete selectedIndex" {file: "resource://gre/actors/AutoCompleteChild.jsm" line: 125}]'[JavaScript Error: "Invalid autocomplete selectedIndex" {file: "resource://gre/actors/AutoCompleteChild.jsm" line: 125}]' when calling method: [nsIAutoCompletePopup::selectedIndex]
1623665731655	Marionette	INFO	Stopped listening on port 45749

###!!! [Parent][RunMessage] Error: Channel closing: too late to send/recv, messages will be lost

1623665732127	mozrunner::runner	INFO	Running command: "/usr/bin/firefox" "--marionette" "-foreground" "-no-remote" "-profile" "/tmp/rust_mozprofilezgSfbp"
1623665732646	Marionette	INFO	Marionette enabled
console.warn: SearchSettings: "get: No settings file exists, new profile?" (new NotFoundError("Could not open the file at /tmp/rust_mozprofilezgSfbp/search.json.mozlz4", (void 0)))

(firefox:162770): GLib-GIO-WARNING **: 18:15:33.479: /etc/xdg/kde-mimeapps.list contains a [Added Associations] group, but it is not permitted here.  Only the non-desktop-specific mimeapps.list file may add or remove associations.
1623665734106	Marionette	INFO	Listening on port 46405
JavaScript error: resource://gre/actors/AutoCompleteChild.jsm, line 125: Error: Invalid autocomplete selectedIndex
JavaScript error: resource://gre/actors/AutoCompleteChild.jsm, line 125: Error: Invalid autocomplete selectedIndex
JavaScript error: resource://gre/modules/LoginManagerChild.jsm, line 194: NS_ERROR_XPC_JAVASCRIPT_ERROR_WITH_DETAILS: [JavaScript Error: "Invalid autocomplete selectedIndex" {file: "resource://gre/actors/AutoCompleteChild.jsm" line: 125}]'[JavaScript Error: "Invalid autocomplete selectedIndex" {file: "resource://gre/actors/AutoCompleteChild.jsm" line: 125}]' when calling method: [nsIAutoCompletePopup::selectedIndex]
1623665747620	Marionette	INFO	Stopped listening on port 46405

###!!! [Parent][RunMessage] Error: Channel closing: too late to send/recv, messages will be lost

1623665748067	mozrunner::runner	INFO	Running command: "/usr/bin/firefox" "--marionette" "-foreground" "-no-remote" "-profile" "/tmp/rust_mozprofileZ7pKIb"
1623665748574	Marionette	INFO	Marionette enabled
console.warn: SearchSettings: "get: No settings file exists, new profile?" (new NotFoundError("Could not open the file at /tmp/rust_mozprofileZ7pKIb/search.json.mozlz4", (void 0)))

(firefox:163186): GLib-GIO-WARNING **: 18:15:49.355: /etc/xdg/kde-mimeapps.list contains a [Added Associations] group, but it is not permitted here.  Only the non-desktop-specific mimeapps.list file may add or remove associations.
1623665749944	Marionette	INFO	Listening on port 42141
1623665755721	Marionette	INFO	Stopped listening on port 42141

###!!! [Parent][RunMessage] Error: Channel closing: too late to send/recv, messages will be lost

1623665756189	mozrunner::runner	INFO	Running command: "/usr/bin/firefox" "--marionette" "-foreground" "-no-remote" "-profile" "/tmp/rust_mozprofileDqE8zx"
1623665756669	Marionette	INFO	Marionette enabled
console.warn: SearchSettings: "get: No settings file exists, new profile?" (new NotFoundError("Could not open the file at /tmp/rust_mozprofileDqE8zx/search.json.mozlz4", (void 0)))

(firefox:163543): GLib-GIO-WARNING **: 18:15:57.489: /etc/xdg/kde-mimeapps.list contains a [Added Associations] group, but it is not permitted here.  Only the non-desktop-specific mimeapps.list file may add or remove associations.
1623665758172	Marionette	INFO	Listening on port 37541
1623665766753	Marionette	INFO	Stopped listening on port 37541

###!!! [Parent][RunMessage] Error: Channel closing: too late to send/recv, messages will be lost

1623665767212	mozrunner::runner	INFO	Running command: "/usr/bin/firefox" "--marionette" "-foreground" "-no-remote" "-profile" "/tmp/rust_mozprofileoPl2iz"
1623665767674	Marionette	INFO	Marionette enabled

(firefox:163922): GLib-GIO-WARNING **: 18:16:08.399: /etc/xdg/kde-mimeapps.list contains a [Added Associations] group, but it is not permitted here.  Only the non-desktop-specific mimeapps.list file may add or remove associations.
console.warn: SearchSettings: "get: No settings file exists, new profile?" (new NotFoundError("Could not open the file at /tmp/rust_mozprofileoPl2iz/search.json.mozlz4", (void 0)))
1623665769120	Marionette	INFO	Listening on port 35405
1623665775022	Marionette	INFO	Stopped listening on port 35405

###!!! [Parent][RunMessage] Error: Channel closing: too late to send/recv, messages will be lost

